<?xml version="1.0" encoding="UTF-8"?>
<!-- Generated by org.testng.reporters.JUnitXMLReporter -->
<testsuite hostname="SrikanthChantiS" ignored="0" name="Test" tests="1" failures="0" timestamp="29 Jul 2023 14:49:44 GMT" time="0.065" errors="0">
  <testcase name="@BeforeTest launchapp" time="0.0" classname="DriverFactory.test">
    <failure type="org.testng.TestNGException" message="
Parameter &amp;apos;browser&amp;apos; is required by BeforeTest on method launchapp but has not been marked @Optional or defined
in D:\JavaSeleniumPlayground\Facebook\testng.xml">
      <![CDATA[org.testng.TestNGException: 
Parameter 'browser' is required by BeforeTest on method launchapp but has not been marked @Optional or defined
in D:\JavaSeleniumPlayground\Facebook\testng.xml
... Removed 21 stack frames]]>
    </failure>
  </testcase> <!-- @BeforeTest launchapp -->
  <testcase name="Launc" time="0.0" classname="DriverFactory.test">
    <skipped/>
  </testcase> <!-- Launc -->
</testsuite> <!-- Test -->
